#
# A fatal error has been detected by the Java Runtime Environment:
#
#  EXCEPTION_ACCESS_VIOLATION (0xc0000005) at pc=0x000002d97c2ab2d8, pid=9544, tid=32308
#
# JRE version: OpenJDK Runtime Environment (17.0.2+8) (build 17.0.2+8-86)
# Java VM: OpenJDK 64-Bit Server VM (17.0.2+8-86, mixed mode, emulated-client, sharing, tiered, compressed oops, compressed class ptrs, g1 gc, windows-amd64)
# Problematic frame:
# j  jakarta.servlet.http.HttpServletRequestWrapper._getHttpServletRequest()Ljakarta/servlet/http/HttpServletRequest;+4
#
# No core dump will be written. Minidumps are not enabled by default on client versions of Windows
#
# If you would like to submit a bug report, please visit:
#   https://bugreport.java.com/bugreport/crash.jsp
#

---------------  S U M M A R Y ------------

Command Line: -XX:TieredStopAtLevel=1 -Dspring.output.ansi.enabled=always -Dcom.sun.management.jmxremote -Dspring.jmx.enabled=true -Dspring.liveBeansView.mbeanDomain -Dspring.application.admin.enabled=true -Dmanagement.endpoints.jmx.exposure.include=* -javaagent:C:\Users\syung-hyun\AppData\Local\JetBrains\IntelliJ IDEA 2024.1.1\lib\idea_rt.jar=52065:C:\Users\syung-hyun\AppData\Local\JetBrains\IntelliJ IDEA 2024.1.1\bin -Dfile.encoding=UTF-8 -agentpath:C:\Program Files\SentinelOne\Sentinel Agent 23.3.3.264\SentinelJava64.dll=extendedCapabilities com.example.project.WeatherProjectApplication

Host: Intel(R) Core(TM) i7-8750H CPU @ 2.20GHz, 12 cores, 15G,  Windows 11 , 64 bit Build 22621 (10.0.22621.3672)
Time: Thu Jul 18 05:46:29 2024  Windows 11 , 64 bit Build 22621 (10.0.22621.3672) elapsed time: 114.166015 seconds (0d 0h 1m 54s)

---------------  T H R E A D  ---------------

Current thread (0x000002d90de0a070):  JavaThread "http-nio-8080-exec-1" daemon [_thread_in_Java, id=32308, stack(0x000000f6c9b00000,0x000000f6c9c00000)]

Stack: [0x000000f6c9b00000,0x000000f6c9c00000],  sp=0x000000f6c9bfba88,  free space=1006k
Native frames: (J=compiled Java code, j=interpreted, Vv=VM code, C=native code)
C  0x000002d97c2ab2d8


siginfo: EXCEPTION_ACCESS_VIOLATION (0xc0000005), reading address 0x0000000666661af0


Register to memory mapping:

RIP=0x000002d97c2ab2d8 is at code_begin+248 in an Interpreter codelet
checkcast  192 checkcast  [0x000002d97c2ab1e0, 0x000002d97c2ab360]  384 bytes
RAX=0x0000000800ea18b8 is a pointer to class: 
jakarta.servlet.http.HttpServletRequest {0x0000000800ea18c0}
 - instance size:     2
 - klass size:        63
 - access:            public interface abstract 
 - state:             fully_initialized
 - name:              'jakarta/servlet/http/HttpServletRequest'
 - super:             'java/lang/Object'
 - sub:               
 - nof implementors:  2
 - arrays:            NULL
 - methods:           Array<T>(0x000002d90db7a6d0)
 - method ordering:   Array<T>(0x00000008008f01d8)
 - default_methods:   Array<T>(0x0000000000000000)
 - local interfaces:  Array<T>(0x000002d90db75018)
 - trans. interfaces: Array<T>(0x000002d90db75018)
 - constants:         constant pool [249] {0x000002d90db79e80} for 'jakarta/servlet/http/HttpServletRequest' cache=0x000002d90f802cb0
 - class loader data:  loader data: 0x000002d90bbdd920 for instance a 'jdk/internal/loader/ClassLoaders$AppClassLoader'{0x0000000701ef4058}
 - source file:       'HttpServletRequest.java'
 - class annotations:       Array<T>(0x0000000000000000)
 - class type annotations:  Array<T>(0x0000000000000000)
 - field annotations:       Array<T>(0x0000000000000000)
 - field type annotations:  Array<T>(0x0000000000000000)
 - inner classes:     Array<T>(0x000002d90db75028)
 - nest members:     Array<T>(0x000002d90db78640)
 - permitted subclasses:     Array<T>(0x00000008005cf238)
 - java mirror:       a 'java/lang/Class'{0x000000070259fdb0} = 'jakarta/servlet/http/HttpServletRequest'
 - vtable length      5  (start addr: 0x0000000800ea1a80)
 - itable length      0 (start addr: 0x0000000800ea1aa8)
 - ---- static fields (2 words):
 - public static final 'BASIC_AUTH' 'Ljava/lang/String;' @112 
 - public static final 'FORM_AUTH' 'Ljava/lang/String;' @116 
 - public static final 'CLIENT_CERT_AUTH' 'Ljava/lang/String;' @120 
 - public static final 'DIGEST_AUTH' 'Ljava/lang/String;' @124 
 - ---- non-static fields (0 words):
 - non-static oop maps: 
RBX=0x000000000000000b is an unknown value
RCX=0x000002d90de0a418 points into unknown readable memory: 0x0000000000000003 | 03 00 00 00 00 00 00 00
RDX=0x0000000666661ae8 is an unknown value
RSP=0x000000f6c9bfba88 is pointing into the stack for thread: 0x000002d90de0a070
RBP=0x000000f6c9bfbad0 is pointing into the stack for thread: 0x000002d90de0a070
RSI=0x000000f6c9bfbf70 is pointing into the stack for thread: 0x000002d90de0a070
RDI=0x000002d90de0a070 is a thread
R8 =0x0000000000000006 is an unknown value
R9 =0x0000000000000006 is an unknown value
R10=0x000002d90dea7250 points into unknown readable memory: 0x0000001e00000005 | 05 00 00 00 1e 00 00 00
R11=0x000002d90f8ad3d0 is pointing into metadata
R12=0x0 is NULL
R13=0x000002d90f8adc14 is pointing into metadata
R14=0x000000f6c9bfbae0 is pointing into the stack for thread: 0x000002d90de0a070
R15=0x000002d90de0a070 is a thread


Registers:
RAX=0x0000000800ea18b8, RBX=0x000000000000000b, RCX=0x000002d90de0a418, RDX=0x0000000666661ae8
RSP=0x000000f6c9bfba88, RBP=0x000000f6c9bfbad0, RSI=0x000000f6c9bfbf70, RDI=0x000002d90de0a070
R8 =0x0000000000000006, R9 =0x0000000000000006, R10=0x000002d90dea7250, R11=0x000002d90f8ad3d0
R12=0x0000000000000000, R13=0x000002d90f8adc14, R14=0x000000f6c9bfbae0, R15=0x000002d90de0a070
RIP=0x000002d97c2ab2d8, EFLAGS=0x0000000000010246

Top of Stack: (sp=0x000000f6c9bfba88)
0x000000f6c9bfba88:   000000f6c9bfba88 000002d90f8adc14
0x000000f6c9bfba98:   000000f6c9bfbae0 000002d90f8afab0
0x000000f6c9bfbaa8:   0000000000000000 0000000703d7ad98
0x000000f6c9bfbab8:   000002d90f8adc30 0000000000000000
0x000000f6c9bfbac8:   000000f6c9bfbae0 000000f6c9bfbb30
0x000000f6c9bfbad8:   000002d97c29952f 00007ffc9632f4d5
0x000000f6c9bfbae8:   000000f6c9bfbae8 000002d90f8ae0d9
0x000000f6c9bfbaf8:   000000f6c9bfbb48 000002d90f8afab0
0x000000f6c9bfbb08:   0000000000000000 0000000703d7ad98
0x000000f6c9bfbb18:   000002d90f8ae108 000000f6c9bfbae0
0x000000f6c9bfbb28:   000000f6c9bfbb40 000000f6c9bfbd20
0x000000f6c9bfbb38:   000002d97c291010 0000000703d98340
0x000000f6c9bfbb48:   00007ffc9632f4d5 000002d90ec17120
0x000000f6c9bfbb58:   000002d90e0fe1e0 000002d90de0a070
0x000000f6c9bfbb68:   00007ffc961f1124 0000000000000000
0x000000f6c9bfbb78:   00007ffc96320d62 000002d90ec17120 

Instructions: (pc=0x000002d97c2ab2d8)
0x000002d97c2ab1d8:   00 00 00 00 00 00 00 00 58 48 85 c0 0f 84 48 01
0x000002d97c2ab1e8:   00 00 48 8b 4d e8 48 8b 49 08 48 8b 49 08 48 8b
0x000002d97c2ab1f8:   51 08 41 0f b7 5d 01 0f cb c1 eb 10 80 7c 1a 04
0x000002d97c2ab208:   07 0f 84 b8 00 00 00 50 e8 05 00 00 00 e9 98 00
0x000002d97c2ab218:   00 00 48 8d 44 24 08 4c 89 6d c0 49 8b cf c5 f8
0x000002d97c2ab228:   77 49 89 af 98 02 00 00 49 89 87 88 02 00 00 48
0x000002d97c2ab238:   83 ec 20 f7 c4 0f 00 00 00 0f 84 1a 00 00 00 48
0x000002d97c2ab248:   83 ec 08 49 ba c0 e6 32 96 fc 7f 00 00 41 ff d2
0x000002d97c2ab258:   48 83 c4 08 e9 0d 00 00 00 49 ba c0 e6 32 96 fc
0x000002d97c2ab268:   7f 00 00 41 ff d2 48 83 c4 20 49 c7 87 88 02 00
0x000002d97c2ab278:   00 00 00 00 00 49 c7 87 98 02 00 00 00 00 00 00
0x000002d97c2ab288:   49 c7 87 90 02 00 00 00 00 00 00 c5 f8 77 49 81
0x000002d97c2ab298:   7f 08 00 00 00 00 0f 84 05 00 00 00 e9 57 5c fe
0x000002d97c2ab2a8:   ff 4c 8b 6d c0 4c 8b 75 c8 c3 49 8b 87 e8 02 00
0x000002d97c2ab2b8:   00 49 c7 87 e8 02 00 00 00 00 00 00 5a eb 11 48
0x000002d97c2ab2c8:   8b d0 66 8b 5c d9 48 48 8b 49 28 48 8b 44 d9 08
0x000002d97c2ab2d8:   8b 5a 08 49 ba 00 00 00 00 08 00 00 00 49 03 da
0x000002d97c2ab2e8:   48 3b d8 0f 84 3e 00 00 00 8b 48 14 48 3b 04 0b
0x000002d97c2ab2f8:   0f 84 31 00 00 00 83 f9 20 0f 85 22 00 00 00 50
0x000002d97c2ab308:   48 8b c0 57 48 8b 7b 28 8b 0f 48 83 c7 08 48 85
0x000002d97c2ab318:   c0 f2 48 af 5f 58 75 09 48 89 43 20 e9 06 00 00
0x000002d97c2ab328:   00 52 e9 ec 0b ff ff 48 8b c2 41 0f b6 5d 03 49
0x000002d97c2ab338:   83 c5 03 49 ba b0 0c ac 96 fc 7f 00 00 41 ff 24
0x000002d97c2ab348:   da 0f 1f 80 00 00 00 00 00 00 00 00 00 00 00 00
0x000002d97c2ab358:   00 00 00 00 00 00 00 00 a0 01 00 00 00 00 00 00
0x000002d97c2ab368:   40 96 86 96 fc 7f 00 00 c1 00 00 00 00 00 00 00
0x000002d97c2ab378:   00 00 00 00 00 00 00 00 58 48 85 c0 0f 84 55 01
0x000002d97c2ab388:   00 00 48 8b 4d e8 48 8b 49 08 48 8b 49 08 48 8b
0x000002d97c2ab398:   51 08 41 0f b7 5d 01 0f cb c1 eb 10 80 7c 1a 04
0x000002d97c2ab3a8:   07 0f 84 c8 00 00 00 50 e8 05 00 00 00 e9 98 00
0x000002d97c2ab3b8:   00 00 48 8d 44 24 08 4c 89 6d c0 49 8b cf c5 f8
0x000002d97c2ab3c8:   77 49 89 af 98 02 00 00 49 89 87 88 02 00 00 48 


Stack slot to memory mapping:
stack at sp + 0 slots: 0x000000f6c9bfba88 is pointing into the stack for thread: 0x000002d90de0a070
stack at sp + 1 slots: 0x000002d90f8adc14 is pointing into metadata
stack at sp + 2 slots: 0x000000f6c9bfbae0 is pointing into the stack for thread: 0x000002d90de0a070
stack at sp + 3 slots: 0x000002d90f8afab0 is pointing into metadata
stack at sp + 4 slots: 0x0 is NULL
stack at sp + 5 slots: 0x0000000703d7ad98 is an oop: java.lang.Class 
{0x0000000703d7ad98} - klass: 'java/lang/Class'
 - ---- fields (total size 14 words):
 - private volatile transient 'classRedefinedCount' 'I' @12  0
 - private volatile transient 'cachedConstructor' 'Ljava/lang/reflect/Constructor;' @40  NULL (0)
 - private transient 'name' 'Ljava/lang/String;' @44  "jakarta.servlet.http.HttpServletRequestWrapper"{0x0000000703d87650} (e07b0eca)
 - private transient 'module' 'Ljava/lang/Module;' @48  a 'java/lang/Module'{0x0000000701f01288} (e03e0251)
 - private final 'classLoader' 'Ljava/lang/ClassLoader;' @52  a 'jdk/internal/loader/ClassLoaders$AppClassLoader'{0x0000000701ef4058} (e03de80b)
 - private transient 'classData' 'Ljava/lang/Object;' @56  NULL (0)
 - private transient 'packageName' 'Ljava/lang/String;' @60  "jakarta.servlet.http"{0x000000070259ff48} (e04b3fe9)
 - private final 'componentType' 'Ljava/lang/Class;' @64  NULL (0)
 - private volatile transient 'reflectionData' 'Ljava/lang/ref/SoftReference;' @68  NULL (0)
 - private volatile transient 'genericInfo' 'Lsun/reflect/generics/repository/ClassRepository;' @72  NULL (0)
 - private volatile transient 'enumConstants' '[Ljava/lang/Object;' @76  NULL (0)
 - private volatile transient 'enumConstantDirectory' 'Ljava/util/Map;' @80  NULL (0)
 - private volatile transient 'annotationData' 'Ljava/lang/Class$AnnotationData;' @84  NULL (0)
 - private volatile transient 'annotationType' 'Lsun/reflect/annotation/AnnotationType;' @88  NULL (0)
 - transient 'classValueMap' 'Ljava/lang/ClassValue$ClassValueMap;' @92  NULL (0)
 - signature: Ljakarta/servlet/http/HttpServletRequestWrapper;
 - fake entry for mirror: 'jakarta/servlet/http/HttpServletRequestWrapper'
 - fake entry for array: NULL
 - fake entry for oop_size: 14
 - fake entry for static_oop_field_count: 0
stack at sp + 6 slots: {method} {0x000002d90f8adc38} '_getHttpServletRequest' '()Ljakarta/servlet/http/HttpServletRequest;' in 'jakarta/servlet/http/HttpServletRequestWrapper'
stack at sp + 7 slots: 0x0 is NULL

checkcast  192 checkcast  [0x000002d97c2ab1e0, 0x000002d97c2ab360]  384 bytes
[MachCode]
  0x000002d97c2ab1e0: 5848 85c0 | 0f84 4801 | 0000 488b | 4de8 488b | 4908 488b | 4908 488b | 5108 410f | b75d 010f 
  0x000002d97c2ab200: cbc1 eb10 | 807c 1a04 | 070f 84b8 | 0000 0050 | e805 0000 | 00e9 9800 | 0000 488d | 4424 084c 
  0x000002d97c2ab220: 896d c049 | 8bcf c5f8 | 7749 89af | 9802 0000 | 4989 8788 | 0200 0048 | 83ec 20f7 | c40f 0000 
  0x000002d97c2ab240: 000f 841a | 0000 0048 | 83ec 0849 | bac0 e632 | 96fc 7f00 | 0041 ffd2 | 4883 c408 | e90d 0000 
  0x000002d97c2ab260: 0049 bac0 | e632 96fc | 7f00 0041 | ffd2 4883 | c420 49c7 | 8788 0200 | 0000 0000 | 0049 c787 
  0x000002d97c2ab280: 9802 0000 | 0000 0000 | 49c7 8790 | 0200 0000 | 0000 00c5 | f877 4981 | 7f08 0000 | 0000 0f84 
  0x000002d97c2ab2a0: 0500 0000 | e957 5cfe | ff4c 8b6d | c04c 8b75 | c8c3 498b | 87e8 0200 | 0049 c787 | e802 0000 
  0x000002d97c2ab2c0: 0000 0000 | 5aeb 1148 | 8bd0 668b | 5cd9 4848 | 8b49 2848 | 8b44 d908 | 8b5a 0849 | ba00 0000 
  0x000002d97c2ab2e0: 0008 0000 | 0049 03da | 483b d80f | 843e 0000 | 008b 4814 | 483b 040b | 0f84 3100 | 0000 83f9 
  0x000002d97c2ab300: 200f 8522 | 0000 0050 | 488b c057 | 488b 7b28 | 8b0f 4883 | c708 4885 | c0f2 48af | 5f58 7509 
  0x000002d97c2ab320: 4889 4320 | e906 0000 | 0052 e9ec | 0bff ff48 | 8bc2 410f | b65d 0349 | 83c5 0349 | bab0 0cac 
  0x000002d97c2ab340: 96fc 7f00 | 0041 ff24 | da0f 1f80 | 0000 0000 | 0000 0000 | 0000 0000 | 0000 0000 | 0000 0000 
[/MachCode]

---------------  P R O C E S S  ---------------

Threads class SMR info:
_java_thread_list=0x000002d90caf84f0, length=34, elements={
0x000002d90bac3cb0, 0x000002d90bac52a0, 0x000002d90bad5af0, 0x000002d90bad83d0,
0x000002d90badb440, 0x000002d90bae19b0, 0x000002d90bae6a20, 0x000002d90baf4ae0,
0x000002d90b223660, 0x000002d90be7dd30, 0x000002d90be82250, 0x000002d90c932990,
0x000002d90de2acc0, 0x000002d90de0bd50, 0x000002d90de0b3b0, 0x000002d90de0b880,
0x000002d90de0cbc0, 0x000002d90de0d090, 0x000002d90de0da30, 0x000002d90de0a070,
0x000002d90de0a540, 0x000002d90de0aa10, 0x000002d90e5d8a20, 0x000002d90e5d8550,
0x000002d90e5db0a0, 0x000002d90e5dabd0, 0x000002d90e5d8080, 0x000002d90e5dba40,
0x000002d90e5d93c0, 0x000002d90e5d8ef0, 0x000002d90e5da230, 0x000002d90e5da700,
0x000002d90c931600, 0x000002d90caf8c40
}

Java Threads: ( => current thread )
  0x000002d90bac3cb0 JavaThread "Reference Handler" daemon [_thread_blocked, id=38556, stack(0x000000f6c7800000,0x000000f6c7900000)]
  0x000002d90bac52a0 JavaThread "Finalizer" daemon [_thread_blocked, id=31620, stack(0x000000f6c7900000,0x000000f6c7a00000)]
  0x000002d90bad5af0 JavaThread "Signal Dispatcher" daemon [_thread_blocked, id=5616, stack(0x000000f6c7a00000,0x000000f6c7b00000)]
  0x000002d90bad83d0 JavaThread "Attach Listener" daemon [_thread_blocked, id=25504, stack(0x000000f6c7b00000,0x000000f6c7c00000)]
  0x000002d90badb440 JavaThread "Service Thread" daemon [_thread_blocked, id=13120, stack(0x000000f6c7c00000,0x000000f6c7d00000)]
  0x000002d90bae19b0 JavaThread "Monitor Deflation Thread" daemon [_thread_blocked, id=19112, stack(0x000000f6c7d00000,0x000000f6c7e00000)]
  0x000002d90bae6a20 JavaThread "C1 CompilerThread0" daemon [_thread_blocked, id=11756, stack(0x000000f6c7e00000,0x000000f6c7f00000)]
  0x000002d90baf4ae0 JavaThread "Sweeper thread" daemon [_thread_blocked, id=8004, stack(0x000000f6c7f00000,0x000000f6c8000000)]
  0x000002d90b223660 JavaThread "Common-Cleaner" daemon [_thread_blocked, id=34520, stack(0x000000f6c8000000,0x000000f6c8100000)]
  0x000002d90be7dd30 JavaThread "Monitor Ctrl-Break" daemon [_thread_in_native, id=19164, stack(0x000000f6c8400000,0x000000f6c8500000)]
  0x000002d90be82250 JavaThread "Notification Thread" daemon [_thread_blocked, id=38552, stack(0x000000f6c8500000,0x000000f6c8600000)]
  0x000002d90c932990 JavaThread "RMI TCP Accept-0" daemon [_thread_in_native, id=4520, stack(0x000000f6c8600000,0x000000f6c8700000)]
  0x000002d90de2acc0 JavaThread "RMI TCP Connection(idle)" daemon [_thread_blocked, id=10012, stack(0x000000f6c9500000,0x000000f6c9600000)]
  0x000002d90de0bd50 JavaThread "RMI Scheduler(0)" daemon [_thread_blocked, id=30016, stack(0x000000f6c9300000,0x000000f6c9400000)]
  0x000002d90de0b3b0 JavaThread "Catalina-utility-1" [_thread_blocked, id=34536, stack(0x000000f6c9700000,0x000000f6c9800000)]
  0x000002d90de0b880 JavaThread "Catalina-utility-2" [_thread_blocked, id=8900, stack(0x000000f6c9800000,0x000000f6c9900000)]
  0x000002d90de0cbc0 JavaThread "container-0" [_thread_blocked, id=14396, stack(0x000000f6c9900000,0x000000f6c9a00000)]
  0x000002d90de0d090 JavaThread "File Watcher" daemon [_thread_blocked, id=8800, stack(0x000000f6c9a00000,0x000000f6c9b00000)]
  0x000002d90de0da30 JavaThread "Live Reload Server" daemon [_thread_in_native, id=4016, stack(0x000000f6c9c00000,0x000000f6c9d00000)]
=>0x000002d90de0a070 JavaThread "http-nio-8080-exec-1" daemon [_thread_in_Java, id=32308, stack(0x000000f6c9b00000,0x000000f6c9c00000)]
  0x000002d90de0a540 JavaThread "http-nio-8080-exec-2" daemon [_thread_blocked, id=20280, stack(0x000000f6c9d00000,0x000000f6c9e00000)]
  0x000002d90de0aa10 JavaThread "http-nio-8080-exec-3" daemon [_thread_blocked, id=27976, stack(0x000000f6c9e00000,0x000000f6c9f00000)]
  0x000002d90e5d8a20 JavaThread "http-nio-8080-exec-4" daemon [_thread_blocked, id=26888, stack(0x000000f6c9f00000,0x000000f6ca000000)]
  0x000002d90e5d8550 JavaThread "http-nio-8080-exec-5" daemon [_thread_blocked, id=11276, stack(0x000000f6ca000000,0x000000f6ca100000)]
  0x000002d90e5db0a0 JavaThread "http-nio-8080-exec-6" daemon [_thread_blocked, id=37824, stack(0x000000f6ca100000,0x000000f6ca200000)]
  0x000002d90e5dabd0 JavaThread "http-nio-8080-exec-7" daemon [_thread_blocked, id=20752, stack(0x000000f6ca200000,0x000000f6ca300000)]
  0x000002d90e5d8080 JavaThread "http-nio-8080-exec-8" daemon [_thread_blocked, id=18308, stack(0x000000f6ca300000,0x000000f6ca400000)]
  0x000002d90e5dba40 JavaThread "http-nio-8080-exec-9" daemon [_thread_blocked, id=32748, stack(0x000000f6ca400000,0x000000f6ca500000)]
  0x000002d90e5d93c0 JavaThread "http-nio-8080-exec-10" daemon [_thread_blocked, id=25056, stack(0x000000f6ca500000,0x000000f6ca600000)]
  0x000002d90e5d8ef0 JavaThread "http-nio-8080-Poller" daemon [_thread_in_native, id=30140, stack(0x000000f6ca600000,0x000000f6ca700000)]
  0x000002d90e5da230 JavaThread "http-nio-8080-Acceptor" daemon [_thread_in_native, id=34412, stack(0x000000f6ca700000,0x000000f6ca800000)]
  0x000002d90e5da700 JavaThread "DestroyJavaVM" [_thread_blocked, id=26980, stack(0x000000f6c7100000,0x000000f6c7200000)]
  0x000002d90c931600 JavaThread "C1 CompilerThread1" daemon [_thread_blocked, id=38080, stack(0x000000f6c6e00000,0x000000f6c6f00000)]
  0x000002d90caf8c40 JavaThread "C1 CompilerThread2" daemon [_thread_blocked, id=26876, stack(0x000000f6c6f00000,0x000000f6c7000000)]

Other Threads:
  0x000002d90b22e130 VMThread "VM Thread" [stack: 0x000000f6c7700000,0x000000f6c7800000] [id=26796]
  0x000002d974ab41a0 WatcherThread [stack: 0x000000f6c8700000,0x000000f6c8800000] [id=32520]
  0x000002d974b02c20 GCTaskThread "GC Thread#0" [stack: 0x000000f6c7200000,0x000000f6c7300000] [id=30240]
  0x000002d90ccc75f0 GCTaskThread "GC Thread#1" [stack: 0x000000f6c8800000,0x000000f6c8900000] [id=35540]
  0x000002d90cc9ee60 GCTaskThread "GC Thread#2" [stack: 0x000000f6c8900000,0x000000f6c8a00000] [id=38404]
  0x000002d90cc9f9a0 GCTaskThread "GC Thread#3" [stack: 0x000000f6c8a00000,0x000000f6c8b00000] [id=10656]
  0x000002d90ccd4470 GCTaskThread "GC Thread#4" [stack: 0x000000f6c8b00000,0x000000f6c8c00000] [id=8628]
  0x000002d90ccd5bd0 GCTaskThread "GC Thread#5" [stack: 0x000000f6c8c00000,0x000000f6c8d00000] [id=29484]
  0x000002d90ccf6b30 GCTaskThread "GC Thread#6" [stack: 0x000000f6c8d00000,0x000000f6c8e00000] [id=31152]
  0x000002d90ce4cfc0 GCTaskThread "GC Thread#7" [stack: 0x000000f6c9000000,0x000000f6c9100000] [id=8884]
  0x000002d90cea3920 GCTaskThread "GC Thread#8" [stack: 0x000000f6c9100000,0x000000f6c9200000] [id=37480]
  0x000002d90cea7ff0 GCTaskThread "GC Thread#9" [stack: 0x000000f6c9200000,0x000000f6c9300000] [id=12492]
  0x000002d974b13960 ConcurrentGCThread "G1 Main Marker" [stack: 0x000000f6c7300000,0x000000f6c7400000] [id=37176]
  0x000002d974b16ee0 ConcurrentGCThread "G1 Conc#0" [stack: 0x000000f6c7400000,0x000000f6c7500000] [id=5636]
  0x000002d90e0ebdd0 ConcurrentGCThread "G1 Conc#1" [stack: 0x000000f6c9400000,0x000000f6c9500000] [id=16700]
  0x000002d90e0ec5e0 ConcurrentGCThread "G1 Conc#2" [stack: 0x000000f6c9600000,0x000000f6c9700000] [id=30552]
  0x000002d90b0eaa40 ConcurrentGCThread "G1 Refine#0" [stack: 0x000000f6c7500000,0x000000f6c7600000] [id=23076]
  0x000002d90b0ec120 ConcurrentGCThread "G1 Service" [stack: 0x000000f6c7600000,0x000000f6c7700000] [id=15100]

Threads with active compile tasks:

VM state: not at safepoint (normal execution)

VM Mutex/Monitor currently owned by a thread: None

Heap address: 0x0000000701e00000, size: 4066 MB, Compressed Oops mode: Zero based, Oop shift amount: 3

CDS archive(s) mapped at: [0x0000000800000000-0x0000000800bc0000-0x0000000800bc0000), size 12320768, SharedBaseAddress: 0x0000000800000000, ArchiveRelocationMode: 0.
Compressed class space mapped at: 0x0000000800c00000-0x0000000840c00000, reserved size: 1073741824
Narrow klass base: 0x0000000800000000, Narrow klass shift: 0, Narrow klass range: 0x100000000

GC Precious Log:
 CPUs: 12 total, 12 available
 Memory: 16257M
 Large Page Support: Disabled
 NUMA Support: Disabled
 Compressed Oops: Enabled (Zero based)
 Heap Region Size: 2M
 Heap Min Capacity: 8M
 Heap Initial Capacity: 256M
 Heap Max Capacity: 4066M
 Pre-touch: Disabled
 Parallel Workers: 10
 Concurrent Workers: 3
 Concurrent Refinement Workers: 10
 Periodic GC: Disabled

Heap:
 garbage-first heap   total 159744K, used 28478K [0x0000000701e00000, 0x0000000800000000)
  region size 2048K, 7 young (14336K), 2 survivors (4096K)
 Metaspace       used 40813K, committed 41280K, reserved 1089536K
  class space    used 5185K, committed 5376K, reserved 1048576K

Heap Regions: E=young(eden), S=young(survivor), O=old, HS=humongous(starts), HC=humongous(continues), CS=collection set, F=free, OA=open archive, CA=closed archive, TAMS=top-at-mark-start (previous, next)
|   0|0x0000000701e00000, 0x0000000702000000, 0x0000000702000000|100%| O|  |TAMS 0x0000000702000000, 0x0000000701e00000| Untracked 
|   1|0x0000000702000000, 0x0000000702200000, 0x0000000702200000|100%| O|  |TAMS 0x0000000702200000, 0x0000000702000000| Untracked 
|   2|0x0000000702200000, 0x0000000702400000, 0x0000000702400000|100%| O|  |TAMS 0x0000000702400000, 0x0000000702200000| Untracked 
|   3|0x0000000702400000, 0x0000000702600000, 0x0000000702600000|100%| O|  |TAMS 0x0000000702600000, 0x0000000702400000| Untracked 
|   4|0x0000000702600000, 0x0000000702800000, 0x0000000702800000|100%| O|  |TAMS 0x0000000702800000, 0x0000000702600000| Untracked 
|   5|0x0000000702800000, 0x0000000702a00000, 0x0000000702a00000|100%| O|  |TAMS 0x0000000702a00000, 0x0000000702800000| Untracked 
|   6|0x0000000702a00000, 0x0000000702c00000, 0x0000000702c00000|100%| O|  |TAMS 0x0000000702c00000, 0x0000000702a00000| Untracked 
|   7|0x0000000702c00000, 0x0000000702e00000, 0x0000000702e00000|100%| O|  |TAMS 0x0000000702e00000, 0x0000000702c00000| Untracked 
|   8|0x0000000702e00000, 0x0000000702f36800, 0x0000000703000000| 60%| O|  |TAMS 0x0000000702f36800, 0x0000000702e00000| Untracked 
|   9|0x0000000703000000, 0x0000000703000000, 0x0000000703200000|  0%| F|  |TAMS 0x0000000703000000, 0x0000000703000000| Untracked 
|  10|0x0000000703200000, 0x0000000703200000, 0x0000000703400000|  0%| F|  |TAMS 0x0000000703200000, 0x0000000703200000| Untracked 
|  11|0x0000000703400000, 0x0000000703400000, 0x0000000703600000|  0%| F|  |TAMS 0x0000000703400000, 0x0000000703400000| Untracked 
|  12|0x0000000703600000, 0x0000000703600000, 0x0000000703800000|  0%| F|  |TAMS 0x0000000703600000, 0x0000000703600000| Untracked 
|  13|0x0000000703800000, 0x0000000703800000, 0x0000000703a00000|  0%| F|  |TAMS 0x0000000703800000, 0x0000000703800000| Untracked 
|  14|0x0000000703a00000, 0x0000000703a99188, 0x0000000703c00000| 29%| S|CS|TAMS 0x0000000703a00000, 0x0000000703a00000| Complete 
|  15|0x0000000703c00000, 0x0000000703e00000, 0x0000000703e00000|100%| S|CS|TAMS 0x0000000703c00000, 0x0000000703c00000| Complete 
|  16|0x0000000703e00000, 0x0000000703e00000, 0x0000000704000000|  0%| F|  |TAMS 0x0000000703e00000, 0x0000000703e00000| Untracked 
|  17|0x0000000704000000, 0x0000000704000000, 0x0000000704200000|  0%| F|  |TAMS 0x0000000704000000, 0x0000000704000000| Untracked 
|  18|0x0000000704200000, 0x0000000704200000, 0x0000000704400000|  0%| F|  |TAMS 0x0000000704200000, 0x0000000704200000| Untracked 
|  19|0x0000000704400000, 0x0000000704400000, 0x0000000704600000|  0%| F|  |TAMS 0x0000000704400000, 0x0000000704400000| Untracked 
|  20|0x0000000704600000, 0x0000000704600000, 0x0000000704800000|  0%| F|  |TAMS 0x0000000704600000, 0x0000000704600000| Untracked 
|  21|0x0000000704800000, 0x0000000704800000, 0x0000000704a00000|  0%| F|  |TAMS 0x0000000704800000, 0x0000000704800000| Untracked 
|  22|0x0000000704a00000, 0x0000000704a00000, 0x0000000704c00000|  0%| F|  |TAMS 0x0000000704a00000, 0x0000000704a00000| Untracked 
|  23|0x0000000704c00000, 0x0000000704c00000, 0x0000000704e00000|  0%| F|  |TAMS 0x0000000704c00000, 0x0000000704c00000| Untracked 
|  24|0x0000000704e00000, 0x0000000704e00000, 0x0000000705000000|  0%| F|  |TAMS 0x0000000704e00000, 0x0000000704e00000| Untracked 
|  25|0x0000000705000000, 0x0000000705000000, 0x0000000705200000|  0%| F|  |TAMS 0x0000000705000000, 0x0000000705000000| Untracked 
|  26|0x0000000705200000, 0x0000000705200000, 0x0000000705400000|  0%| F|  |TAMS 0x0000000705200000, 0x0000000705200000| Untracked 
|  27|0x0000000705400000, 0x0000000705400000, 0x0000000705600000|  0%| F|  |TAMS 0x0000000705400000, 0x0000000705400000| Untracked 
|  28|0x0000000705600000, 0x0000000705600000, 0x0000000705800000|  0%| F|  |TAMS 0x0000000705600000, 0x0000000705600000| Untracked 
|  29|0x0000000705800000, 0x0000000705800000, 0x0000000705a00000|  0%| F|  |TAMS 0x0000000705800000, 0x0000000705800000| Untracked 
|  30|0x0000000705a00000, 0x0000000705a00000, 0x0000000705c00000|  0%| F|  |TAMS 0x0000000705a00000, 0x0000000705a00000| Untracked 
|  31|0x0000000705c00000, 0x0000000705c00000, 0x0000000705e00000|  0%| F|  |TAMS 0x0000000705c00000, 0x0000000705c00000| Untracked 
|  32|0x0000000705e00000, 0x0000000705e00000, 0x0000000706000000|  0%| F|  |TAMS 0x0000000705e00000, 0x0000000705e00000| Untracked 
|  33|0x0000000706000000, 0x0000000706000000, 0x0000000706200000|  0%| F|  |TAMS 0x0000000706000000, 0x0000000706000000| Untracked 
|  34|0x0000000706200000, 0x0000000706200000, 0x0000000706400000|  0%| F|  |TAMS 0x0000000706200000, 0x0000000706200000| Untracked 
|  35|0x0000000706400000, 0x0000000706400000, 0x0000000706600000|  0%| F|  |TAMS 0x0000000706400000, 0x0000000706400000| Untracked 
|  36|0x0000000706600000, 0x0000000706600000, 0x0000000706800000|  0%| F|  |TAMS 0x0000000706600000, 0x0000000706600000| Untracked 
|  37|0x0000000706800000, 0x0000000706800000, 0x0000000706a00000|  0%| F|  |TAMS 0x0000000706800000, 0x0000000706800000| Untracked 
|  38|0x0000000706a00000, 0x0000000706a00000, 0x0000000706c00000|  0%| F|  |TAMS 0x0000000706a00000, 0x0000000706a00000| Untracked 
|  39|0x0000000706c00000, 0x0000000706c00000, 0x0000000706e00000|  0%| F|  |TAMS 0x0000000706c00000, 0x0000000706c00000| Untracked 
|  40|0x0000000706e00000, 0x0000000706e00000, 0x0000000707000000|  0%| F|  |TAMS 0x0000000706e00000, 0x0000000706e00000| Untracked 
|  41|0x0000000707000000, 0x0000000707000000, 0x0000000707200000|  0%| F|  |TAMS 0x0000000707000000, 0x0000000707000000| Untracked 
|  42|0x0000000707200000, 0x0000000707200000, 0x0000000707400000|  0%| F|  |TAMS 0x0000000707200000, 0x0000000707200000| Untracked 
|  43|0x0000000707400000, 0x0000000707400000, 0x0000000707600000|  0%| F|  |TAMS 0x0000000707400000, 0x0000000707400000| Untracked 
|  44|0x0000000707600000, 0x0000000707600000, 0x0000000707800000|  0%| F|  |TAMS 0x0000000707600000, 0x0000000707600000| Untracked 
|  45|0x0000000707800000, 0x0000000707800000, 0x0000000707a00000|  0%| F|  |TAMS 0x0000000707800000, 0x0000000707800000| Untracked 
|  46|0x0000000707a00000, 0x0000000707a00000, 0x0000000707c00000|  0%| F|  |TAMS 0x0000000707a00000, 0x0000000707a00000| Untracked 
|  47|0x0000000707c00000, 0x0000000707c00000, 0x0000000707e00000|  0%| F|  |TAMS 0x0000000707c00000, 0x0000000707c00000| Untracked 
|  48|0x0000000707e00000, 0x0000000707e00000, 0x0000000708000000|  0%| F|  |TAMS 0x0000000707e00000, 0x0000000707e00000| Untracked 
|  49|0x0000000708000000, 0x0000000708000000, 0x0000000708200000|  0%| F|  |TAMS 0x0000000708000000, 0x0000000708000000| Untracked 
|  50|0x0000000708200000, 0x0000000708200000, 0x0000000708400000|  0%| F|  |TAMS 0x0000000708200000, 0x0000000708200000| Untracked 
|  51|0x0000000708400000, 0x0000000708400000, 0x0000000708600000|  0%| F|  |TAMS 0x0000000708400000, 0x0000000708400000| Untracked 
|  52|0x0000000708600000, 0x0000000708600000, 0x0000000708800000|  0%| F|  |TAMS 0x0000000708600000, 0x0000000708600000| Untracked 
|  53|0x0000000708800000, 0x0000000708800000, 0x0000000708a00000|  0%| F|  |TAMS 0x0000000708800000, 0x0000000708800000| Untracked 
|  54|0x0000000708a00000, 0x0000000708a00000, 0x0000000708c00000|  0%| F|  |TAMS 0x0000000708a00000, 0x0000000708a00000| Untracked 
|  55|0x0000000708c00000, 0x0000000708c00000, 0x0000000708e00000|  0%| F|  |TAMS 0x0000000708c00000, 0x0000000708c00000| Untracked 
|  56|0x0000000708e00000, 0x0000000708e00000, 0x0000000709000000|  0%| F|  |TAMS 0x0000000708e00000, 0x0000000708e00000| Untracked 
|  57|0x0000000709000000, 0x0000000709000000, 0x0000000709200000|  0%| F|  |TAMS 0x0000000709000000, 0x0000000709000000| Untracked 
|  58|0x0000000709200000, 0x0000000709200000, 0x0000000709400000|  0%| F|  |TAMS 0x0000000709200000, 0x0000000709200000| Untracked 
|  59|0x0000000709400000, 0x0000000709400000, 0x0000000709600000|  0%| F|  |TAMS 0x0000000709400000, 0x0000000709400000| Untracked 
|  60|0x0000000709600000, 0x0000000709600000, 0x0000000709800000|  0%| F|  |TAMS 0x0000000709600000, 0x0000000709600000| Untracked 
|  61|0x0000000709800000, 0x0000000709800000, 0x0000000709a00000|  0%| F|  |TAMS 0x0000000709800000, 0x0000000709800000| Untracked 
|  62|0x0000000709a00000, 0x0000000709a00000, 0x0000000709c00000|  0%| F|  |TAMS 0x0000000709a00000, 0x0000000709a00000| Untracked 
|  63|0x0000000709c00000, 0x0000000709c00000, 0x0000000709e00000|  0%| F|  |TAMS 0x0000000709c00000, 0x0000000709c00000| Untracked 
|  64|0x0000000709e00000, 0x0000000709e00000, 0x000000070a000000|  0%| F|  |TAMS 0x0000000709e00000, 0x0000000709e00000| Untracked 
|  65|0x000000070a000000, 0x000000070a000000, 0x000000070a200000|  0%| F|  |TAMS 0x000000070a000000, 0x000000070a000000| Untracked 
|  66|0x000000070a200000, 0x000000070a200000, 0x000000070a400000|  0%| F|  |TAMS 0x000000070a200000, 0x000000070a200000| Untracked 
|  67|0x000000070a400000, 0x000000070a400000, 0x000000070a600000|  0%| F|  |TAMS 0x000000070a400000, 0x000000070a400000| Untracked 
|  68|0x000000070a600000, 0x000000070a600000, 0x000000070a800000|  0%| F|  |TAMS 0x000000070a600000, 0x000000070a600000| Untracked 
|  69|0x000000070a800000, 0x000000070a800000, 0x000000070aa00000|  0%| F|  |TAMS 0x000000070a800000, 0x000000070a800000| Untracked 
|  70|0x000000070aa00000, 0x000000070aa00000, 0x000000070ac00000|  0%| F|  |TAMS 0x000000070aa00000, 0x000000070aa00000| Untracked 
|  71|0x000000070ac00000, 0x000000070ac00000, 0x000000070ae00000|  0%| F|  |TAMS 0x000000070ac00000, 0x000000070ac00000| Untracked 
|  72|0x000000070ae00000, 0x000000070ae00000, 0x000000070b000000|  0%| F|  |TAMS 0x000000070ae00000, 0x000000070ae00000| Untracked 
|  80|0x000000070be00000, 0x000000070bf2b8a8, 0x000000070c000000| 58%| E|  |TAMS 0x000000070be00000, 0x000000070be00000| Complete 
|  81|0x000000070c000000, 0x000000070c200000, 0x000000070c200000|100%| E|CS|TAMS 0x000000070c000000, 0x000000070c000000| Complete 
|  82|0x000000070c200000, 0x000000070c400000, 0x000000070c400000|100%| E|CS|TAMS 0x000000070c200000, 0x000000070c200000| Complete 
|  83|0x000000070c400000, 0x000000070c600000, 0x000000070c600000|100%| E|CS|TAMS 0x000000070c400000, 0x000000070c400000| Complete 
| 127|0x0000000711c00000, 0x0000000711e00000, 0x0000000711e00000|100%| E|CS|TAMS 0x0000000711c00000, 0x0000000711c00000| Complete 

Card table byte_map: [0x000002d900000000,0x000002d900800000] _byte_map_base: 0x000002d8fc7f1000

Marking Bits (Prev, Next): (CMBitMap*) 0x000002d974b03220, (CMBitMap*) 0x000002d974b03260
 Prev Bits: [0x000002d901000000, 0x000002d904f88000)
 Next Bits: [0x000002d904f90000, 0x000002d908f18000)

Polling page: 0x000002d972be0000

Metaspace:

Usage:
  Non-class:     34.79 MB used.
      Class:      5.06 MB used.
       Both:     39.86 MB used.

Virtual space:
  Non-class space:       40.00 MB reserved,      35.06 MB ( 88%) committed,  5 nodes.
      Class space:        1.00 GB reserved,       5.25 MB ( <1%) committed,  1 nodes.
             Both:        1.04 GB reserved,      40.31 MB (  4%) committed. 

Chunk freelists:
   Non-Class:  168.00 KB
       Class:  2.79 MB
        Both:  2.96 MB

MaxMetaspaceSize: unlimited
CompressedClassSpaceSize: 1.00 GB
Initial GC threshold: 21.00 MB
Current GC threshold: 58.69 MB
CDS: on
MetaspaceReclaimPolicy: balanced
 - commit_granule_bytes: 65536.
 - commit_granule_words: 8192.
 - virtual_space_node_default_size: 1048576.
 - enlarge_chunks_in_place: 1.
 - new_chunks_are_fully_committed: 0.
 - uncommit_free_chunks: 1.
 - use_allocation_guard: 0.
 - handle_deallocations: 1.


Internal statistics:

num_allocs_failed_limit: 6.
num_arena_births: 702.
num_arena_deaths: 206.
num_vsnodes_births: 6.
num_vsnodes_deaths: 0.
num_space_committed: 645.
num_space_uncommitted: 0.
num_chunks_returned_to_freelist: 248.
num_chunks_taken_from_freelist: 2217.
num_chunk_merges: 84.
num_chunk_splits: 1467.
num_chunks_enlarged: 1080.
num_purges: 2.
num_inconsistent_stats: 0.

CodeCache: size=49152Kb used=10318Kb max_used=10318Kb free=38833Kb
 bounds [0x000002d97c290000, 0x000002d97ccb0000, 0x000002d97f290000]
 total_blobs=5163 nmethods=4572 adapters=516
 compilation: enabled
              stopped_count=0, restarted_count=0
 full_count=0

Compilation events (20 events):
Event: 114.145 Thread 0x000002d90caf8c40 nmethod 4559 0x000002d97cc9d990 code [0x000002d97cc9db60, 0x000002d97cc9de78]
Event: 114.146 Thread 0x000002d90c931600 nmethod 4561 0x000002d97cc9e090 code [0x000002d97cc9e3e0, 0x000002d97cc9fa18]
Event: 114.148 Thread 0x000002d90c931600 4564       1       java.nio.charset.Charset::lookup (44 bytes)
Event: 114.148 Thread 0x000002d90bae6a20 4565       1       java.nio.charset.Charset::forName (20 bytes)
Event: 114.148 Thread 0x000002d90caf8c40 4566   !   1       java.lang.String::lookupCharset (20 bytes)
Event: 114.149 Thread 0x000002d90bae6a20 nmethod 4565 0x000002d97cca0310 code [0x000002d97cca04c0, 0x000002d97cca0638]
Event: 114.149 Thread 0x000002d90bae6a20 4567       1       org.apache.jasper.compiler.SmapUtil$SDEInstaller::readU1 (21 bytes)
Event: 114.149 Thread 0x000002d90c931600 nmethod 4564 0x000002d97cca0710 code [0x000002d97cca08e0, 0x000002d97cca0b68]
Event: 114.149 Thread 0x000002d90c931600 4569       1       org.apache.jasper.compiler.SmapUtil$SDEInstaller::readBytes (38 bytes)
Event: 114.149 Thread 0x000002d90caf8c40 nmethod 4566 0x000002d97cca0d10 code [0x000002d97cca0ee0, 0x000002d97cca11d8]
Event: 114.149 Thread 0x000002d90bae6a20 nmethod 4567 0x000002d97cca1410 code [0x000002d97cca15a0, 0x000002d97cca1698]
Event: 114.149 Thread 0x000002d90caf8c40 4570       1       org.apache.jasper.compiler.SmapUtil$SDEInstaller::writeBytes (45 bytes)
Event: 114.149 Thread 0x000002d90bae6a20 4568       1       org.apache.jasper.compiler.SmapUtil$SDEInstaller::writeU1 (19 bytes)
Event: 114.149 Thread 0x000002d90c931600 nmethod 4569 0x000002d97cca1790 code [0x000002d97cca1920, 0x000002d97cca1af8]
Event: 114.149 Thread 0x000002d90c931600 4571       1       org.apache.jasper.compiler.SmapUtil$SDEInstaller::copy (46 bytes)
Event: 114.149 Thread 0x000002d90bae6a20 nmethod 4568 0x000002d97cca1c10 code [0x000002d97cca1da0, 0x000002d97cca1e98]
Event: 114.149 Thread 0x000002d90caf8c40 nmethod 4570 0x000002d97cca1f90 code [0x000002d97cca2120, 0x000002d97cca2258]
Event: 114.149 Thread 0x000002d90c931600 nmethod 4571 0x000002d97cca2390 code [0x000002d97cca2520, 0x000002d97cca2678]
Event: 114.162 Thread 0x000002d90c931600 4572       1       org.apache.catalina.core.DefaultInstanceManager::findLifecycleCallback (112 bytes)
Event: 114.163 Thread 0x000002d90c931600 nmethod 4572 0x000002d97cca2790 code [0x000002d97cca2a00, 0x000002d97cca3378]

GC Heap History (20 events):
Event: 1.077 GC heap before
{Heap before GC invocations=0 (full 0):
 garbage-first heap   total 262144K, used 22528K [0x0000000701e00000, 0x0000000800000000)
  region size 2048K, 11 young (22528K), 0 survivors (0K)
 Metaspace       used 6619K, committed 6784K, reserved 1056768K
  class space    used 833K, committed 896K, reserved 1048576K
}
Event: 1.081 GC heap after
{Heap after GC invocations=1 (full 0):
 garbage-first heap   total 262144K, used 5019K [0x0000000701e00000, 0x0000000800000000)
  region size 2048K, 2 young (4096K), 2 survivors (4096K)
 Metaspace       used 6619K, committed 6784K, reserved 1056768K
  class space    used 833K, committed 896K, reserved 1048576K
}
Event: 1.676 GC heap before
{Heap before GC invocations=1 (full 0):
 garbage-first heap   total 262144K, used 31643K [0x0000000701e00000, 0x0000000800000000)
  region size 2048K, 15 young (30720K), 2 survivors (4096K)
 Metaspace       used 10357K, committed 10624K, reserved 1064960K
  class space    used 1389K, committed 1536K, reserved 1048576K
}
Event: 1.679 GC heap after
{Heap after GC invocations=2 (full 0):
 garbage-first heap   total 262144K, used 6994K [0x0000000701e00000, 0x0000000800000000)
  region size 2048K, 1 young (2048K), 1 survivors (2048K)
 Metaspace       used 10357K, committed 10624K, reserved 1064960K
  class space    used 1389K, committed 1536K, reserved 1048576K
}
Event: 2.943 GC heap before
{Heap before GC invocations=2 (full 0):
 garbage-first heap   total 262144K, used 93010K [0x0000000701e00000, 0x0000000800000000)
  region size 2048K, 44 young (90112K), 1 survivors (2048K)
 Metaspace       used 21252K, committed 21504K, reserved 1073152K
  class space    used 2910K, committed 3008K, reserved 1048576K
}
Event: 2.949 GC heap after
{Heap after GC invocations=3 (full 0):
 garbage-first heap   total 262144K, used 11718K [0x0000000701e00000, 0x0000000800000000)
  region size 2048K, 4 young (8192K), 4 survivors (8192K)
 Metaspace       used 21252K, committed 21504K, reserved 1073152K
  class space    used 2910K, committed 3008K, reserved 1048576K
}
Event: 3.497 GC heap before
{Heap before GC invocations=4 (full 0):
 garbage-first heap   total 55296K, used 36294K [0x0000000701e00000, 0x0000000800000000)
  region size 2048K, 16 young (32768K), 4 survivors (8192K)
 Metaspace       used 24793K, committed 25216K, reserved 1073152K
  class space    used 3422K, committed 3584K, reserved 1048576K
}
Event: 3.503 GC heap after
{Heap after GC invocations=5 (full 0):
 garbage-first heap   total 55296K, used 13883K [0x0000000701e00000, 0x0000000800000000)
  region size 2048K, 2 young (4096K), 2 survivors (4096K)
 Metaspace       used 24793K, committed 25216K, reserved 1073152K
  class space    used 3422K, committed 3584K, reserved 1048576K
}
Event: 3.528 GC heap before
{Heap before GC invocations=5 (full 0):
 garbage-first heap   total 55296K, used 15931K [0x0000000701e00000, 0x0000000800000000)
  region size 2048K, 3 young (6144K), 2 survivors (4096K)
 Metaspace       used 24959K, committed 25408K, reserved 1073152K
  class space    used 3440K, committed 3648K, reserved 1048576K
}
Event: 3.530 GC heap after
{Heap after GC invocations=6 (full 0):
 garbage-first heap   total 55296K, used 14677K [0x0000000701e00000, 0x0000000800000000)
  region size 2048K, 1 young (2048K), 1 survivors (2048K)
 Metaspace       used 24959K, committed 25408K, reserved 1073152K
  class space    used 3440K, committed 3648K, reserved 1048576K
}
Event: 3.930 GC heap before
{Heap before GC invocations=6 (full 0):
 garbage-first heap   total 55296K, used 37205K [0x0000000701e00000, 0x0000000800000000)
  region size 2048K, 12 young (24576K), 1 survivors (2048K)
 Metaspace       used 28639K, committed 29120K, reserved 1081344K
  class space    used 3868K, committed 4096K, reserved 1048576K
}
Event: 3.931 GC heap after
{Heap after GC invocations=7 (full 0):
 garbage-first heap   total 55296K, used 15771K [0x0000000701e00000, 0x0000000800000000)
  region size 2048K, 1 young (2048K), 1 survivors (2048K)
 Metaspace       used 28639K, committed 29120K, reserved 1081344K
  class space    used 3868K, committed 4096K, reserved 1048576K
}
Event: 4.401 GC heap before
{Heap before GC invocations=7 (full 0):
 garbage-first heap   total 55296K, used 38299K [0x0000000701e00000, 0x0000000800000000)
  region size 2048K, 12 young (24576K), 1 survivors (2048K)
 Metaspace       used 31550K, committed 32064K, reserved 1081344K
  class space    used 4284K, committed 4480K, reserved 1048576K
}
Event: 4.404 GC heap after
{Heap after GC invocations=8 (full 0):
 garbage-first heap   total 55296K, used 17911K [0x0000000701e00000, 0x0000000800000000)
  region size 2048K, 2 young (4096K), 2 survivors (4096K)
 Metaspace       used 31550K, committed 32064K, reserved 1081344K
  class space    used 4284K, committed 4480K, reserved 1048576K
}
Event: 113.417 GC heap before
{Heap before GC invocations=8 (full 0):
 garbage-first heap   total 55296K, used 38391K [0x0000000701e00000, 0x0000000800000000)
  region size 2048K, 13 young (26624K), 2 survivors (4096K)
 Metaspace       used 34847K, committed 35392K, reserved 1081344K
  class space    used 4684K, committed 4928K, reserved 1048576K
}
Event: 113.421 GC heap after
{Heap after GC invocations=9 (full 0):
 garbage-first heap   total 55296K, used 19458K [0x0000000701e00000, 0x0000000800000000)
  region size 2048K, 1 young (2048K), 1 survivors (2048K)
 Metaspace       used 34847K, committed 35392K, reserved 1081344K
  class space    used 4684K, committed 4928K, reserved 1048576K
}
Event: 113.497 GC heap before
{Heap before GC invocations=9 (full 0):
 garbage-first heap   total 55296K, used 21506K [0x0000000701e00000, 0x0000000800000000)
  region size 2048K, 3 young (6144K), 1 survivors (2048K)
 Metaspace       used 35468K, committed 35968K, reserved 1081344K
  class space    used 4735K, committed 4992K, reserved 1048576K
}
Event: 113.499 GC heap after
{Heap after GC invocations=10 (full 0):
 garbage-first heap   total 55296K, used 19674K [0x0000000701e00000, 0x0000000800000000)
  region size 2048K, 1 young (2048K), 1 survivors (2048K)
 Metaspace       used 35468K, committed 35968K, reserved 1081344K
  class space    used 4735K, committed 4992K, reserved 1048576K
}
Event: 113.942 GC heap before
{Heap before GC invocations=11 (full 0):
 garbage-first heap   total 55296K, used 38106K [0x0000000701e00000, 0x0000000800000000)
  region size 2048K, 11 young (22528K), 1 survivors (2048K)
 Metaspace       used 39803K, committed 40192K, reserved 1089536K
  class space    used 5091K, committed 5248K, reserved 1048576K
}
Event: 113.945 GC heap after
{Heap after GC invocations=12 (full 0):
 garbage-first heap   total 159744K, used 20286K [0x0000000701e00000, 0x0000000800000000)
  region size 2048K, 2 young (4096K), 2 survivors (4096K)
 Metaspace       used 39803K, committed 40192K, reserved 1089536K
  class space    used 5091K, committed 5248K, reserved 1048576K
}

Deoptimization events (18 events):
Event: 1.004 Thread 0x000002d974ab38e0 DEOPT PACKING pc=0x000002d97c5f0e9b sp=0x000000f6c71fd820
Event: 1.004 Thread 0x000002d974ab38e0 DEOPT UNPACKING pc=0x000002d97c2e2b43 sp=0x000000f6c71fcc78 mode 3
Event: 1.999 Thread 0x000002d90ccd7490 DEOPT PACKING pc=0x000002d97c8765c1 sp=0x000000f6c8ffcc20
Event: 1.999 Thread 0x000002d90ccd7490 DEOPT UNPACKING pc=0x000002d97c2e2b43 sp=0x000000f6c8ffc110 mode 3
Event: 2.206 Thread 0x000002d90ccd7490 DEOPT PACKING pc=0x000002d97c8aa555 sp=0x000000f6c8ffdab0
Event: 2.206 Thread 0x000002d90ccd7490 DEOPT UNPACKING pc=0x000002d97c2e2b43 sp=0x000000f6c8ffcf58 mode 3
Event: 3.849 Thread 0x000002d90ccd7490 DEOPT PACKING pc=0x000002d97ca9b66d sp=0x000000f6c8ffbe40
Event: 3.849 Thread 0x000002d90ccd7490 DEOPT UNPACKING pc=0x000002d97c2e2b43 sp=0x000000f6c8ffb408 mode 3
Event: 3.920 Thread 0x000002d90ccd7490 DEOPT PACKING pc=0x000002d97c87d211 sp=0x000000f6c8ffe130
Event: 3.920 Thread 0x000002d90ccd7490 DEOPT UNPACKING pc=0x000002d97c2e2b43 sp=0x000000f6c8ffd5d0 mode 3
Event: 3.920 Thread 0x000002d90de0b880 DEOPT PACKING pc=0x000002d97c7fe72e sp=0x000000f6c98feff0
Event: 3.920 Thread 0x000002d90de0b880 DEOPT UNPACKING pc=0x000002d97c2e2b43 sp=0x000000f6c98fe458 mode 3
Event: 114.004 Thread 0x000002d90de0a070 DEOPT PACKING pc=0x000002d97c488e6b sp=0x000000f6c9bfb330
Event: 114.004 Thread 0x000002d90de0a070 DEOPT UNPACKING pc=0x000002d97c2e2b43 sp=0x000000f6c9bfaa98 mode 3
Event: 114.022 Thread 0x000002d90de0a070 DEOPT PACKING pc=0x000002d97c464b5b sp=0x000000f6c9bfbfe0
Event: 114.022 Thread 0x000002d90de0a070 DEOPT UNPACKING pc=0x000002d97c2e2b43 sp=0x000000f6c9bfb478 mode 3
Event: 114.089 Thread 0x000002d90de0a070 DEOPT PACKING pc=0x000002d97c453ee9 sp=0x000000f6c9bfb080
Event: 114.089 Thread 0x000002d90de0a070 DEOPT UNPACKING pc=0x000002d97c2e2b43 sp=0x000000f6c9bfa578 mode 3

Classes unloaded (20 events):
Event: 113.510 Thread 0x000002d90b22e130 Unloading class 0x0000000800d4d800 'java/lang/invoke/LambdaForm$MH+0x0000000800d4d800'
Event: 113.510 Thread 0x000002d90b22e130 Unloading class 0x0000000800d4d400 'java/lang/invoke/LambdaForm$MH+0x0000000800d4d400'
Event: 113.510 Thread 0x000002d90b22e130 Unloading class 0x0000000800d4d000 'java/lang/invoke/LambdaForm$MH+0x0000000800d4d000'
Event: 113.510 Thread 0x000002d90b22e130 Unloading class 0x0000000800d4cc00 'java/lang/invoke/LambdaForm$MH+0x0000000800d4cc00'
Event: 113.510 Thread 0x000002d90b22e130 Unloading class 0x0000000800d4c800 'java/lang/invoke/LambdaForm$MH+0x0000000800d4c800'
Event: 113.510 Thread 0x000002d90b22e130 Unloading class 0x0000000800d4c400 'java/lang/invoke/LambdaForm$MH+0x0000000800d4c400'
Event: 113.510 Thread 0x000002d90b22e130 Unloading class 0x0000000800cd6000 'java/lang/invoke/LambdaForm$MH+0x0000000800cd6000'
Event: 113.510 Thread 0x000002d90b22e130 Unloading class 0x0000000800cd5c00 'java/lang/invoke/LambdaForm$MH+0x0000000800cd5c00'
Event: 113.510 Thread 0x000002d90b22e130 Unloading class 0x0000000800cd5800 'java/lang/invoke/LambdaForm$MH+0x0000000800cd5800'
Event: 113.510 Thread 0x000002d90b22e130 Unloading class 0x0000000800cd5400 'java/lang/invoke/LambdaForm$MH+0x0000000800cd5400'
Event: 113.510 Thread 0x000002d90b22e130 Unloading class 0x0000000800cd5000 'java/lang/invoke/LambdaForm$MH+0x0000000800cd5000'
Event: 113.510 Thread 0x000002d90b22e130 Unloading class 0x0000000800cd4c00 'java/lang/invoke/LambdaForm$MH+0x0000000800cd4c00'
Event: 113.510 Thread 0x000002d90b22e130 Unloading class 0x0000000800cd4400 'java/lang/invoke/LambdaForm$MH+0x0000000800cd4400'
Event: 113.510 Thread 0x000002d90b22e130 Unloading class 0x0000000800cd4000 'java/lang/invoke/LambdaForm$MH+0x0000000800cd4000'
Event: 113.510 Thread 0x000002d90b22e130 Unloading class 0x0000000800cc0800 'jdk/internal/reflect/GeneratedSerializationConstructorAccessor3'
Event: 113.510 Thread 0x000002d90b22e130 Unloading class 0x0000000800cc0400 'jdk/internal/reflect/GeneratedSerializationConstructorAccessor2'
Event: 113.510 Thread 0x000002d90b22e130 Unloading class 0x0000000800cc0000 'jdk/internal/reflect/GeneratedSerializationConstructorAccessor1'
Event: 113.510 Thread 0x000002d90b22e130 Unloading class 0x0000000800c09000 'java/lang/invoke/LambdaForm$DMH+0x0000000800c09000'
Event: 113.510 Thread 0x000002d90b22e130 Unloading class 0x0000000800c08800 'java/lang/invoke/LambdaForm$DMH+0x0000000800c08800'
Event: 113.510 Thread 0x000002d90b22e130 Unloading class 0x0000000800c07c00 'jdk/internal/reflect/GeneratedConstructorAccessor1'

Classes redefined (0 events):
No events

Internal exceptions (20 events):
Event: 3.615 Thread 0x000002d90ccd7490 Exception <a 'java/lang/NoSuchMethodError'{0x000000070c1fa4d0}: 'java.lang.Object java.lang.invoke.DelegatingMethodHandle$Holder.reinvoke_L(java.lang.Object, long, java.lang.Object, java.lang.Object, java.lang.Object, java.lang.Object, java.lang.Object, java.lang.Object)'> (0x000000070c1fa4d0) 
thrown [t:\workspace\open\src\hotspot\share\interpreter\linkResolver.cpp, line 766]
Event: 3.658 Thread 0x000002d90ccd7490 Exception <a 'java/io/FileNotFoundException'{0x000000070bf69680}> (0x000000070bf69680) 
thrown [t:\workspace\open\src\hotspot\share\prims\jni.cpp, line 516]
Event: 3.658 Thread 0x000002d90ccd7490 Exception <a 'java/io/FileNotFoundException'{0x000000070bf6ac98}> (0x000000070bf6ac98) 
thrown [t:\workspace\open\src\hotspot\share\prims\jni.cpp, line 516]
Event: 3.851 Thread 0x000002d90de2acc0 Exception <a 'java/lang/reflect/InvocationTargetException'{0x0000000703e1ff30}> (0x0000000703e1ff30) 
thrown [t:\workspace\open\src\hotspot\share\runtime\reflection.cpp, line 1121]
Event: 3.858 Thread 0x000002d90ccd7490 Exception <a 'java/lang/NoSuchMethodError'{0x0000000703e7ddc8}: 'int java.lang.invoke.DirectMethodHandle$Holder.invokeInterface(java.lang.Object, java.lang.Object, java.lang.Object, java.lang.Object)'> (0x0000000703e7ddc8) 
thrown [t:\workspace\open\src\hotspot\share\interpreter\linkResolver.cpp, line 766]
Event: 3.900 Thread 0x000002d90ccd7490 Exception <a 'java/lang/NoSuchMethodError'{0x0000000703c92da0}: 'long java.lang.invoke.DirectMethodHandle$Holder.invokeVirtual(java.lang.Object, java.lang.Object)'> (0x0000000703c92da0) 
thrown [t:\workspace\open\src\hotspot\share\interpreter\linkResolver.cpp, line 766]
Event: 3.906 Thread 0x000002d90ccd7490 Exception <a 'java/io/FileNotFoundException'{0x0000000703cd2c48}> (0x0000000703cd2c48) 
thrown [t:\workspace\open\src\hotspot\share\prims\jni.cpp, line 516]
Event: 4.133 Thread 0x000002d90ccd7490 Exception <a 'sun/nio/fs/WindowsException'{0x000000070bf80388}> (0x000000070bf80388) 
thrown [t:\workspace\open\src\hotspot\share\prims\jni.cpp, line 516]
Event: 4.166 Thread 0x000002d90ccd7490 Exception <a 'java/lang/IncompatibleClassChangeError'{0x000000070496aeb0}: Found class java.lang.Object, but interface was expected> (0x000000070496aeb0) 
thrown [t:\workspace\open\src\hotspot\share\interpreter\linkResolver.cpp, line 833]
Event: 4.201 Thread 0x000002d90ccd7490 Exception <a 'java/lang/NoSuchMethodError'{0x00000007046dd860}: 'void java.lang.invoke.DirectMethodHandle$Holder.invokeVirtual(java.lang.Object, java.lang.Object, long)'> (0x00000007046dd860) 
thrown [t:\workspace\open\src\hotspot\share\interpreter\linkResolver.cpp, line 766]
Event: 4.289 Thread 0x000002d90ccd7490 Exception <a 'java/lang/NoSuchMethodError'{0x00000007042a56a0}: 'int java.lang.invoke.DirectMethodHandle$Holder.invokeStaticInit(java.lang.Object, java.lang.Object, java.lang.Object, java.lang.Object)'> (0x00000007042a56a0) 
thrown [t:\workspace\open\src\hotspot\share\interpreter\linkResolver.cpp, line 766]
Event: 4.449 Thread 0x000002d90ccd7490 Exception <a 'java/lang/NoSuchMethodError'{0x0000000711dcccc0}: 'java.lang.Object java.lang.invoke.DirectMethodHandle$Holder.newInvokeSpecial(java.lang.Object, java.lang.Object, int, java.lang.Object, java.lang.Object)'> (0x0000000711dcccc0) 
thrown [t:\workspace\open\src\hotspot\share\interpreter\linkResolver.cpp, line 766]
Event: 4.449 Thread 0x000002d90ccd7490 Exception <a 'java/lang/NoSuchMethodError'{0x0000000711dd8338}: 'java.lang.Object java.lang.invoke.DirectMethodHandle$Holder.invokeSpecial(java.lang.Object, java.lang.Object, int, java.lang.Object, int, java.lang.Object)'> (0x0000000711dd8338) 
thrown [t:\workspace\open\src\hotspot\share\interpreter\linkResolver.cpp, line 766]
Event: 4.449 Thread 0x000002d90ccd7490 Exception <a 'java/lang/NoSuchMethodError'{0x0000000711de03e8}: 'java.lang.Object java.lang.invoke.DirectMethodHandle$Holder.newInvokeSpecial(java.lang.Object, java.lang.Object, int, java.lang.Object, int)'> (0x0000000711de03e8) 
thrown [t:\workspace\open\src\hotspot\share\interpreter\linkResolver.cpp, line 766]
Event: 4.450 Thread 0x000002d90ccd7490 Exception <a 'java/lang/NoSuchMethodError'{0x0000000711de44e8}: 'java.lang.Object java.lang.invoke.DirectMethodHandle$Holder.invokeSpecial(java.lang.Object, java.lang.Object, java.lang.Object, int, java.lang.Object, int)'> (0x0000000711de44e8) 
thrown [t:\workspace\open\src\hotspot\share\interpreter\linkResolver.cpp, line 766]
Event: 113.163 Thread 0x000002d90de0a070 Exception <a 'java/lang/NoSuchMethodError'{0x0000000704830c90}: 'java.lang.Object java.lang.invoke.DirectMethodHandle$Holder.invokeSpecial(java.lang.Object, java.lang.Object, java.lang.Object, java.lang.Object, java.lang.Object, long)'> (0x0000000704830c90) 
thrown [t:\workspace\open\src\hotspot\share\interpreter\linkResolver.cpp, line 766]
Event: 113.163 Thread 0x000002d90de0a070 Exception <a 'java/lang/NoSuchMethodError'{0x00000007048346d0}: 'java.lang.Object java.lang.invoke.Invokers$Holder.linkToTargetMethod(java.lang.Object, java.lang.Object, java.lang.Object, long, java.lang.Object)'> (0x00000007048346d0) 
thrown [t:\workspace\open\src\hotspot\share\interpreter\linkResolver.cpp, line 766]
Event: 113.207 Thread 0x000002d90de0a070 Exception <a 'java/lang/NoSuchMethodError'{0x0000000704982260}: getSession> (0x0000000704982260) 
thrown [t:\workspace\open\src\hotspot\share\prims\jni.cpp, line 1073]
Event: 114.004 Thread 0x000002d90de0a070 Implicit null exception at 0x000002d97c4866a1 to 0x000002d97c488e66
Event: 114.089 Thread 0x000002d90de0a070 Implicit null exception at 0x000002d97c453cc5 to 0x000002d97c453ee4

VM Operations (20 events):
Event: 113.416 Executing VM operation: G1CollectForAllocation
Event: 113.421 Executing VM operation: G1CollectForAllocation done
Event: 113.497 Executing VM operation: CollectForMetadataAllocation
Event: 113.499 Executing VM operation: CollectForMetadataAllocation done
Event: 113.509 Executing VM operation: G1Concurrent
Event: 113.514 Executing VM operation: G1Concurrent done
Event: 113.520 Executing VM operation: G1Concurrent
Event: 113.520 Executing VM operation: G1Concurrent done
Event: 113.942 Executing VM operation: G1CollectForAllocation
Event: 113.945 Executing VM operation: G1CollectForAllocation done
Event: 113.954 Executing VM operation: HandshakeAllThreads
Event: 113.954 Executing VM operation: HandshakeAllThreads done
Event: 114.158 Executing VM operation: ChangeBreakpoints
Event: 114.159 Executing VM operation: ChangeBreakpoints done
Event: 114.159 Executing VM operation: ChangeBreakpoints
Event: 114.160 Executing VM operation: ChangeBreakpoints done
Event: 114.162 Executing VM operation: get/set locals
Event: 114.162 Executing VM operation: get/set locals done
Event: 114.162 Executing VM operation: get/set locals
Event: 114.162 Executing VM operation: get/set locals done

Events (20 events):
Event: 113.930 loading class sun/net/www/protocol/jrt/JavaRuntimeURLConnection$1 done
Event: 113.930 loading class jdk/internal/jimage/ImageBufferCache
Event: 113.930 loading class jdk/internal/jimage/ImageBufferCache done
Event: 113.930 loading class jdk/internal/jimage/ImageBufferCache$1
Event: 113.930 loading class jdk/internal/jimage/ImageBufferCache$1 done
Event: 113.930 loading class jdk/internal/jimage/ImageBufferCache$2
Event: 113.931 loading class jdk/internal/jimage/ImageBufferCache$2 done
Event: 113.931 loading class java/util/AbstractMap$SimpleEntry
Event: 113.931 loading class java/util/AbstractMap$SimpleEntry done
Event: 113.939 loading class java/text/MessageFormat$Field
Event: 113.940 loading class java/text/MessageFormat$Field done
Event: 113.960 loading class java/util/stream/Nodes$IntFixedNodeBuilder
Event: 113.960 loading class java/util/stream/Node$Builder$OfInt
Event: 113.960 loading class java/util/stream/Node$Builder$OfInt done
Event: 113.960 loading class java/util/stream/Nodes$IntArrayNode
Event: 113.960 loading class java/util/stream/Nodes$IntArrayNode done
Event: 113.960 loading class java/util/stream/Nodes$IntFixedNodeBuilder done
Event: 114.088 Thread 0x000002d90caf8c40 Thread added: 0x000002d90caf8c40
Event: 114.144 loading class java/util/Hashtable$ValueCollection
Event: 114.144 loading class java/util/Hashtable$ValueCollection done


Dynamic libraries:
0x00007ff743090000 - 0x00007ff74309e000 	C:\Users\syung-hyun\Downloads\openjdk-17.0.2_windows-x64_bin\jdk-17.0.2\bin\java.exe
0x000002d972730000 - 0x000002d972947000 	C:\WINDOWS\SYSTEM32\ntd1l.dll
0x000002d972950000 - 0x000002d972a14000 	C:\WINDOWS\System32\kern3l32.dll
0x00007ffce7110000 - 0x00007ffce7327000 	C:\WINDOWS\SYSTEM32\ntdll.dll
0x00007ffce6120000 - 0x00007ffce61e4000 	C:\WINDOWS\System32\KERNEL32.DLL
0x00007ffce4860000 - 0x00007ffce4c0d000 	C:\WINDOWS\System32\KERNELBASE.dll
0x00007ffce4020000 - 0x00007ffce434a000 	C:\Program Files\SentinelOne\Sentinel Agent 23.3.3.264\InProcessClient64.dll
0x00007ffce6060000 - 0x00007ffce6112000 	C:\WINDOWS\System32\ADVAPI32.dll
0x00007ffce5e40000 - 0x00007ffce5ee7000 	C:\WINDOWS\System32\msvcrt.dll
0x00007ffce5c20000 - 0x00007ffce5cc9000 	C:\WINDOWS\System32\sechost.dll
0x00007ffce4c90000 - 0x00007ffce4cb8000 	C:\WINDOWS\System32\bcrypt.dll
0x00007ffce5060000 - 0x00007ffce5174000 	C:\WINDOWS\System32\RPCRT4.dll
0x00007ffce4d30000 - 0x00007ffce4e41000 	C:\WINDOWS\System32\ucrtbase.dll
0x00007ffcb5e30000 - 0x00007ffcb5e4a000 	C:\Users\syung-hyun\Downloads\openjdk-17.0.2_windows-x64_bin\jdk-17.0.2\bin\VCRUNTIME140.dll
0x00007ffcb6710000 - 0x00007ffcb6728000 	C:\Users\syung-hyun\Downloads\openjdk-17.0.2_windows-x64_bin\jdk-17.0.2\bin\jli.dll
0x00007ffce4e50000 - 0x00007ffce4ffe000 	C:\WINDOWS\System32\USER32.dll
0x00007ffce4560000 - 0x00007ffce4586000 	C:\WINDOWS\System32\win32u.dll
0x00007ffce5bf0000 - 0x00007ffce5c19000 	C:\WINDOWS\System32\GDI32.dll
0x00007ffccd7f0000 - 0x00007ffccda83000 	C:\WINDOWS\WinSxS\amd64_microsoft.windows.common-controls_6595b64144ccf1df_6.0.22621.3672_none_2713b9d173822955\COMCTL32.dll
0x00007ffce4440000 - 0x00007ffce4559000 	C:\WINDOWS\System32\gdi32full.dll
0x00007ffce4590000 - 0x00007ffce462a000 	C:\WINDOWS\System32\msvcp_win.dll
0x00007ffce3fc0000 - 0x00007ffce3fca000 	C:\WINDOWS\SYSTEM32\VERSION.dll
0x00007ffce3fb0000 - 0x00007ffce3fbb000 	C:\WINDOWS\SYSTEM32\FLTLIB.DLL
0x00007ffce5020000 - 0x00007ffce5051000 	C:\WINDOWS\System32\IMM32.DLL
0x00007ffccc5f0000 - 0x00007ffccc5fc000 	C:\Users\syung-hyun\Downloads\openjdk-17.0.2_windows-x64_bin\jdk-17.0.2\bin\vcruntime140_1.dll
0x00007ffca9400000 - 0x00007ffca948d000 	C:\Users\syung-hyun\Downloads\openjdk-17.0.2_windows-x64_bin\jdk-17.0.2\bin\msvcp140.dll
0x00007ffc95fb0000 - 0x00007ffc96b71000 	C:\Users\syung-hyun\Downloads\openjdk-17.0.2_windows-x64_bin\jdk-17.0.2\bin\server\jvm.dll
0x00007ffce70c0000 - 0x00007ffce70c8000 	C:\WINDOWS\System32\PSAPI.DLL
0x00007ffcccde0000 - 0x00007ffcccde9000 	C:\WINDOWS\SYSTEM32\WSOCK32.dll
0x00007ffce6fe0000 - 0x00007ffce7051000 	C:\WINDOWS\System32\WS2_32.dll
0x00007ffcdce20000 - 0x00007ffcdce54000 	C:\WINDOWS\SYSTEM32\WINMM.dll
0x00007ffce3100000 - 0x00007ffce3118000 	C:\WINDOWS\SYSTEM32\kernel.appcore.dll
0x00007ffccc440000 - 0x00007ffccc44a000 	C:\Users\syung-hyun\Downloads\openjdk-17.0.2_windows-x64_bin\jdk-17.0.2\bin\jimage.dll
0x00007ffce1860000 - 0x00007ffce1a92000 	C:\WINDOWS\SYSTEM32\DBGHELP.DLL
0x00007ffce5380000 - 0x00007ffce5708000 	C:\WINDOWS\System32\combase.dll
0x00007ffce6220000 - 0x00007ffce62f7000 	C:\WINDOWS\System32\OLEAUT32.dll
0x00007ffcd6060000 - 0x00007ffcd6092000 	C:\WINDOWS\SYSTEM32\dbgcore.DLL
0x00007ffce4c10000 - 0x00007ffce4c8b000 	C:\WINDOWS\System32\bcryptPrimitives.dll
0x00007ffcca310000 - 0x00007ffcca31e000 	C:\Users\syung-hyun\Downloads\openjdk-17.0.2_windows-x64_bin\jdk-17.0.2\bin\instrument.dll
0x00007ffcb2e60000 - 0x00007ffcb2e85000 	C:\Users\syung-hyun\Downloads\openjdk-17.0.2_windows-x64_bin\jdk-17.0.2\bin\java.dll
0x00007ffca9d00000 - 0x00007ffca9dad000 	C:\Program Files\SentinelOne\Sentinel Agent 23.3.3.264\SentinelJava64.dll
0x00007ffce5d50000 - 0x00007ffce5dae000 	C:\WINDOWS\System32\SHLWAPI.dll
0x00007ffce5710000 - 0x00007ffce58b5000 	C:\WINDOWS\System32\ole32.dll
0x00007ffca9320000 - 0x00007ffca93f6000 	C:\Users\syung-hyun\Downloads\openjdk-17.0.2_windows-x64_bin\jdk-17.0.2\bin\jsvml.dll
0x00007ffce6780000 - 0x00007ffce6fdf000 	C:\WINDOWS\System32\SHELL32.dll
0x00007ffce2020000 - 0x00007ffce291c000 	C:\WINDOWS\SYSTEM32\windows.storage.dll
0x00007ffce1ee0000 - 0x00007ffce201f000 	C:\WINDOWS\SYSTEM32\wintypes.dll
0x00007ffce5f60000 - 0x00007ffce6054000 	C:\WINDOWS\System32\SHCORE.dll
0x00007ffce4370000 - 0x00007ffce4391000 	C:\WINDOWS\SYSTEM32\profapi.dll
0x00007ffcb2dc0000 - 0x00007ffcb2dd8000 	C:\Users\syung-hyun\Downloads\openjdk-17.0.2_windows-x64_bin\jdk-17.0.2\bin\zip.dll
0x00007ffcb0490000 - 0x00007ffcb04a9000 	C:\Users\syung-hyun\Downloads\openjdk-17.0.2_windows-x64_bin\jdk-17.0.2\bin\net.dll
0x00007ffcdcce0000 - 0x00007ffcdce16000 	C:\WINDOWS\SYSTEM32\WINHTTP.dll
0x00007ffce3590000 - 0x00007ffce35f9000 	C:\WINDOWS\system32\mswsock.dll
0x00007ffcb0220000 - 0x00007ffcb0236000 	C:\Users\syung-hyun\Downloads\openjdk-17.0.2_windows-x64_bin\jdk-17.0.2\bin\nio.dll
0x00007ffcb5c50000 - 0x00007ffcb5c6a000 	C:\Users\syung-hyun\AppData\Local\JetBrains\IntelliJ IDEA 2024.1.1\bin\breakgen64.dll
0x00007ffce2ba0000 - 0x00007ffce2c98000 	C:\WINDOWS\SYSTEM32\DNSAPI.dll
0x00007ffce2b70000 - 0x00007ffce2b9d000 	C:\WINDOWS\SYSTEM32\IPHLPAPI.DLL
0x00007ffce58c0000 - 0x00007ffce58c9000 	C:\WINDOWS\System32\NSI.dll
0x00007ffcdae70000 - 0x00007ffcdae7a000 	C:\Windows\System32\rasadhlp.dll
0x00007ffcdc3d0000 - 0x00007ffcdc453000 	C:\WINDOWS\System32\fwpuclnt.dll
0x00007ffcc9e00000 - 0x00007ffcc9e09000 	C:\Users\syung-hyun\Downloads\openjdk-17.0.2_windows-x64_bin\jdk-17.0.2\bin\management.dll
0x00007ffcc9d30000 - 0x00007ffcc9d3b000 	C:\Users\syung-hyun\Downloads\openjdk-17.0.2_windows-x64_bin\jdk-17.0.2\bin\management_ext.dll
0x00007ffce37f0000 - 0x00007ffce380b000 	C:\WINDOWS\SYSTEM32\CRYPTSP.dll
0x00007ffce3060000 - 0x00007ffce3095000 	C:\WINDOWS\system32\rsaenh.dll
0x00007ffce3690000 - 0x00007ffce36b8000 	C:\WINDOWS\SYSTEM32\USERENV.dll
0x00007ffce3810000 - 0x00007ffce381c000 	C:\WINDOWS\SYSTEM32\CRYPTBASE.dll
0x00007ffcdccc0000 - 0x00007ffcdccd9000 	C:\WINDOWS\SYSTEM32\dhcpcsvc6.DLL
0x00007ffcdcca0000 - 0x00007ffcdccbf000 	C:\WINDOWS\SYSTEM32\dhcpcsvc.DLL
0x00007ffcca0e0000 - 0x00007ffcca0f7000 	C:\WINDOWS\system32\napinsp.dll
0x00007ffcca0c0000 - 0x00007ffcca0db000 	C:\WINDOWS\system32\pnrpnsp.dll
0x00007ffcca030000 - 0x00007ffcca041000 	C:\WINDOWS\System32\winrnr.dll
0x00007ffcdc4e0000 - 0x00007ffcdc4f5000 	C:\WINDOWS\system32\wshbth.dll
0x00007ffcca090000 - 0x00007ffcca0b7000 	C:\WINDOWS\system32\nlansp_c.dll
0x00007ffcc9ce0000 - 0x00007ffcc9cee000 	C:\Users\syung-hyun\Downloads\openjdk-17.0.2_windows-x64_bin\jdk-17.0.2\bin\sunmscapi.dll
0x00007ffce4630000 - 0x00007ffce4797000 	C:\WINDOWS\System32\CRYPT32.dll
0x00007ffce39b0000 - 0x00007ffce39de000 	C:\WINDOWS\SYSTEM32\ncrypt.dll
0x00007ffce3970000 - 0x00007ffce39a7000 	C:\WINDOWS\SYSTEM32\NTASN1.dll
0x00007ffcd50d0000 - 0x00007ffcd50d8000 	C:\WINDOWS\system32\wshunix.dll

dbghelp: loaded successfully - version: 4.0.5 - missing functions: none
symbol engine: initialized successfully - sym options: 0x614 - pdb path: .;C:\Users\syung-hyun\Downloads\openjdk-17.0.2_windows-x64_bin\jdk-17.0.2\bin;C:\WINDOWS\SYSTEM32;C:\Program Files\SentinelOne\Sentinel Agent 23.3.3.264;C:\WINDOWS\WinSxS\amd64_microsoft.windows.common-controls_6595b64144ccf1df_6.0.22621.3672_none_2713b9d173822955;C:\Users\syung-hyun\Downloads\openjdk-17.0.2_windows-x64_bin\jdk-17.0.2\bin\server;C:\Users\syung-hyun\AppData\Local\JetBrains\IntelliJ IDEA 2024.1.1\bin

VM Arguments:
jvm_args: -XX:TieredStopAtLevel=1 -Dspring.output.ansi.enabled=always -Dcom.sun.management.jmxremote -Dspring.jmx.enabled=true -Dspring.liveBeansView.mbeanDomain -Dspring.application.admin.enabled=true -Dmanagement.endpoints.jmx.exposure.include=* -javaagent:C:\Users\syung-hyun\AppData\Local\JetBrains\IntelliJ IDEA 2024.1.1\lib\idea_rt.jar=52065:C:\Users\syung-hyun\AppData\Local\JetBrains\IntelliJ IDEA 2024.1.1\bin -Dfile.encoding=UTF-8 -agentpath:C:\Program Files\SentinelOne\Sentinel Agent 23.3.3.264\SentinelJava64.dll=extendedCapabilities 
java_command: com.example.project.WeatherProjectApplication
java_class_path (initial): C:\Users\syung-hyun\IdeaProjects\Weather-Project\build\classes\java\main;C:\Users\syung-hyun\IdeaProjects\Weather-Project\build\resources\main;C:\Users\syung-hyun\.gradle\caches\modules-2\files-2.1\org.springframework.boot\spring-boot-starter-web\3.2.5\664d75553c6af42122d4db645f4924a95084e382\spring-boot-starter-web-3.2.5.jar;C:\Users\syung-hyun\.gradle\caches\modules-2\files-2.1\org.apache.tomcat.embed\tomcat-embed-jasper\10.1.20\be2388f31dcb735729217bf8cd68a8e8c313004f\tomcat-embed-jasper-10.1.20.jar;C:\Users\syung-hyun\.gradle\caches\modules-2\files-2.1\com.google.code.gson\gson\2.8.8\431fc3cbc0ff81abdbfde070062741089c3ba874\gson-2.8.8.jar;C:\Users\syung-hyun\.gradle\caches\modules-2\files-2.1\org.glassfish.web\jakarta.servlet.jsp.jstl\2.0.0\377ec3878354cb2c1f96f99031728773c8e2603b\jakarta.servlet.jsp.jstl-2.0.0.jar;C:\Users\syung-hyun\.gradle\caches\modules-2\files-2.1\org.springframework.boot\spring-boot-starter-json\3.2.5\6df311af4c242eb95c3526f48ab4f31c384a247e\spring-boot-starter-json-3.2.5.jar;C:\Users\syung-hyun\.gradle\caches\modules-2\files-2.1\org.springframework.boot\spring-boot-starter\3.2.5\a9837a876129cc6fe5f3abf1de5ec0a16faaf003\spring-boot-starter-3.2.5.jar;C:\Users\syung-hyun\.gradle\caches\modules-2\files-2.1\org.springframework.boot\spring-boot-starter-tomcat\3.2.5\a40ebfa6becb35b419b37e49e33b2822e22cf42a\spring-boot-starter-tomcat-3.2.5.jar;C:\Users\syung-hyun\.gradle\caches\modules-2\files-2.1\org.springframework\spring-webmvc\6.1.6\ef1f76db6d94bac428839cb91fa59235c8356e56\spring-webmvc-6.1.6.jar;C:\Users\syung-hyun\.gradle\caches\modules-2\files-2.1\org.springframework\spring-web\6.1.6\49a32e3497fe39550da3b280bda5d9933ae2d51d\spring-web-6.1.6.jar;C:\Users\syung-hyun\.gradle\caches\modules-2\files-2.1\org.apache.tomcat.embed\tomcat-embed-core\10.1.20\ba0dc784e12086f83d8e1d5a10443b166abf5780\tomcat-embed-core-10.1.20.jar;C:\Users\syung-hyun\.gradle\caches\modules-2\files-2.1\org.apache.tomcat.embed\tomcat-embed-el\
Launcher Type: SUN_STANDARD

[Global flags]
     intx CICompilerCount                          = 4                                         {product} {ergonomic}
     uint ConcGCThreads                            = 3                                         {product} {ergonomic}
     uint G1ConcRefinementThreads                  = 10                                        {product} {ergonomic}
   size_t G1HeapRegionSize                         = 2097152                                   {product} {ergonomic}
    uintx GCDrainStackTargetSize                   = 64                                        {product} {ergonomic}
   size_t InitialHeapSize                          = 268435456                                 {product} {ergonomic}
     bool ManagementServer                         = true                                      {product} {command line}
   size_t MarkStackSize                            = 4194304                                   {product} {ergonomic}
   size_t MaxHeapSize                              = 4263510016                                {product} {ergonomic}
   size_t MaxNewSize                               = 2556428288                                {product} {ergonomic}
   size_t MinHeapDeltaBytes                        = 2097152                                   {product} {ergonomic}
   size_t MinHeapSize                              = 8388608                                   {product} {ergonomic}
    uintx NonProfiledCodeHeapSize                  = 0                                      {pd product} {ergonomic}
     bool ProfileInterpreter                       = false                                  {pd product} {command line}
    uintx ProfiledCodeHeapSize                     = 0                                      {pd product} {ergonomic}
   size_t SoftMaxHeapSize                          = 4263510016                             {manageable} {ergonomic}
     intx TieredStopAtLevel                        = 1                                         {product} {command line}
     bool UseCompressedClassPointers               = true                           {product lp64_product} {ergonomic}
     bool UseCompressedOops                        = true                           {product lp64_product} {ergonomic}
     bool UseG1GC                                  = true                                      {product} {ergonomic}
     bool UseLargePagesIndividualAllocation        = false                                  {pd product} {ergonomic}

Logging:
Log output configuration:
 #0: stdout all=warning uptime,level,tags
 #1: stderr all=off uptime,level,tags

Environment Variables:
PATH=C:\WINDOWS\system32;C:\WINDOWS;C:\WINDOWS\System32\Wbem;C:\WINDOWS\System32\WindowsPowerShell\v1.0\;C:\WINDOWS\System32\OpenSSH\;C:\Program Files (x86)\Microsoft SQL Server\160\Tools\Binn\;C:\Program Files\Microsoft SQL Server\160\Tools\Binn\;C:\Program Files\Microsoft SQL Server\Client SDK\ODBC\170\Tools\Binn\;C:\Program Files\Microsoft SQL Server\160\DTS\Binn\;C:\Program Files (x86)\Microsoft SQL Server\160\DTS\Binn\;C:\Program Files\Azure Data Studio\bin;C:\Program Files\nodejs\;C:\Program Files\Git\cmd;C:\Users\syung-hyun\Downloads\openjdk-17.0.2_windows-x64_bin\jdk-17.0.2\bin;C:\Program Files\MySQL\MySQL Shell 8.0\bin\;C:\Users\syung-hyun\AppData\Local\Programs\Python\Python311\Scripts\;C:\Users\syung-hyun\AppData\Local\Programs\Python\Python311\;C:\Users\syung-hyun\AppData\Local\Microsoft\WindowsApps;;C:\Program Files\Azure Data Studio\bin;C:\Users\syung-hyun\AppData\Local\Programs\Microsoft VS Code\bin;C:\Users\syung-hyun\AppData\Roaming\npm;C:\Program Files\JetBrains\PyCharm 2024.1.4\bin;
USERNAME=syung-hyun
OS=Windows_NT
PROCESSOR_IDENTIFIER=Intel64 Family 6 Model 158 Stepping 10, GenuineIntel



---------------  S Y S T E M  ---------------

OS:
 Windows 11 , 64 bit Build 22621 (10.0.22621.3672)
OS uptime: 7 days 14:19 hours

CPU: total 12 (initial active 12) (6 cores per cpu, 2 threads per core) family 6 model 158 stepping 10 microcode 0xde, cx8, cmov, fxsr, ht, mmx, 3dnowpref, sse, sse2, sse3, ssse3, sse4.1, sse4.2, popcnt, lzcnt, tsc, tscinvbit, avx, avx2, aes, erms, clmul, bmi1, bmi2, adx, fma, vzeroupper, clflush, clflushopt

Memory: 4k page, system-wide physical 16257M (3253M free)
TotalPageFile size 21790M (AvailPageFile size 3330M)
current process WorkingSet (physical memory assigned to process): 175M, peak: 179M
current process commit charge ("private bytes"): 323M, peak: 388M

vm_info: OpenJDK 64-Bit Server VM (17.0.2+8-86) for windows-amd64 JRE (17.0.2+8-86), built on Dec  7 2021 21:49:10 by "mach5one" with MS VC++ 16.8 / 16.9 (VS2019)

END.
